[19-Apr-2018 09:34:49 Europe/Berlin] PHP Warning:  include(C:\_PHP\Workspace\server-farah.slothsoft.net/../../global/slothsoft.core.php): failed to open stream: No such file or directory in C:\_PHP\Workspace\server-farah.slothsoft.net\config.php on line 4
[19-Apr-2018 09:34:49 Europe/Berlin] PHP Warning:  include(): Failed opening 'C:\_PHP\Workspace\server-farah.slothsoft.net/../../global/slothsoft.core.php' for inclusion (include_path='.') in C:\_PHP\Workspace\server-farah.slothsoft.net\config.php on line 4
[19-Apr-2018 09:34:49 Europe/Berlin] PHP Warning:  include(C:\_PHP\Workspace\server-farah.slothsoft.net/../../global/slothsoft.core.xslt.php): failed to open stream: No such file or directory in C:\_PHP\Workspace\server-farah.slothsoft.net\config.php on line 5
[19-Apr-2018 09:34:49 Europe/Berlin] PHP Warning:  include(): Failed opening 'C:\_PHP\Workspace\server-farah.slothsoft.net/../../global/slothsoft.core.xslt.php' for inclusion (include_path='.') in C:\_PHP\Workspace\server-farah.slothsoft.net\config.php on line 5
[19-Apr-2018 09:34:49 Europe/Berlin] PHP Warning:  include(C:\_PHP\Workspace\server-farah.slothsoft.net/../../global/slothsoft.core.dbms.php): failed to open stream: No such file or directory in C:\_PHP\Workspace\server-farah.slothsoft.net\config.php on line 6
[19-Apr-2018 09:34:49 Europe/Berlin] PHP Warning:  include(): Failed opening 'C:\_PHP\Workspace\server-farah.slothsoft.net/../../global/slothsoft.core.dbms.php' for inclusion (include_path='.') in C:\_PHP\Workspace\server-farah.slothsoft.net\config.php on line 6
[19-Apr-2018 09:34:49 Europe/Berlin] PHP Warning:  include(C:\_PHP\Workspace\server-farah.slothsoft.net/../../global/slothsoft.farah.php): failed to open stream: No such file or directory in C:\_PHP\Workspace\server-farah.slothsoft.net\config.php on line 7
[19-Apr-2018 09:34:49 Europe/Berlin] PHP Warning:  include(): Failed opening 'C:\_PHP\Workspace\server-farah.slothsoft.net/../../global/slothsoft.farah.php' for inclusion (include_path='.') in C:\_PHP\Workspace\server-farah.slothsoft.net\config.php on line 7
[19-Apr-2018 09:35:23 Europe/Berlin] PHP Warning:  include(C:\_PHP\Workspace\server-farah.slothsoft.net/../../global/slothsoft.core.php): failed to open stream: No such file or directory in C:\_PHP\Workspace\server-farah.slothsoft.net\config.php on line 4
[19-Apr-2018 09:35:23 Europe/Berlin] PHP Warning:  include(): Failed opening 'C:\_PHP\Workspace\server-farah.slothsoft.net/../../global/slothsoft.core.php' for inclusion (include_path='.') in C:\_PHP\Workspace\server-farah.slothsoft.net\config.php on line 4
[19-Apr-2018 09:35:23 Europe/Berlin] PHP Warning:  include(C:\_PHP\Workspace\server-farah.slothsoft.net/../../global/slothsoft.core.xslt.php): failed to open stream: No such file or directory in C:\_PHP\Workspace\server-farah.slothsoft.net\config.php on line 5
[19-Apr-2018 09:35:23 Europe/Berlin] PHP Warning:  include(): Failed opening 'C:\_PHP\Workspace\server-farah.slothsoft.net/../../global/slothsoft.core.xslt.php' for inclusion (include_path='.') in C:\_PHP\Workspace\server-farah.slothsoft.net\config.php on line 5
[19-Apr-2018 09:35:23 Europe/Berlin] PHP Warning:  include(C:\_PHP\Workspace\server-farah.slothsoft.net/../../global/slothsoft.core.dbms.php): failed to open stream: No such file or directory in C:\_PHP\Workspace\server-farah.slothsoft.net\config.php on line 6
[19-Apr-2018 09:35:23 Europe/Berlin] PHP Warning:  include(): Failed opening 'C:\_PHP\Workspace\server-farah.slothsoft.net/../../global/slothsoft.core.dbms.php' for inclusion (include_path='.') in C:\_PHP\Workspace\server-farah.slothsoft.net\config.php on line 6
[19-Apr-2018 09:35:23 Europe/Berlin] PHP Warning:  include(C:\_PHP\Workspace\server-farah.slothsoft.net/../../global/slothsoft.farah.php): failed to open stream: No such file or directory in C:\_PHP\Workspace\server-farah.slothsoft.net\config.php on line 7
[19-Apr-2018 09:35:23 Europe/Berlin] PHP Warning:  include(): Failed opening 'C:\_PHP\Workspace\server-farah.slothsoft.net/../../global/slothsoft.farah.php' for inclusion (include_path='.') in C:\_PHP\Workspace\server-farah.slothsoft.net\config.php on line 7
[19-Apr-2018 09:36:10 Europe/Berlin] PHP Warning:  include(C:\_PHP\Workspace\server-farah.slothsoft.net/../../global/slothsoft.core.php): failed to open stream: No such file or directory in C:\_PHP\Workspace\server-farah.slothsoft.net\config.php on line 4
[19-Apr-2018 09:36:10 Europe/Berlin] PHP Warning:  include(): Failed opening 'C:\_PHP\Workspace\server-farah.slothsoft.net/../../global/slothsoft.core.php' for inclusion (include_path='.') in C:\_PHP\Workspace\server-farah.slothsoft.net\config.php on line 4
[19-Apr-2018 09:36:10 Europe/Berlin] PHP Warning:  include(C:\_PHP\Workspace\server-farah.slothsoft.net/../../global/slothsoft.core.xslt.php): failed to open stream: No such file or directory in C:\_PHP\Workspace\server-farah.slothsoft.net\config.php on line 5
[19-Apr-2018 09:36:10 Europe/Berlin] PHP Warning:  include(): Failed opening 'C:\_PHP\Workspace\server-farah.slothsoft.net/../../global/slothsoft.core.xslt.php' for inclusion (include_path='.') in C:\_PHP\Workspace\server-farah.slothsoft.net\config.php on line 5
[19-Apr-2018 09:36:10 Europe/Berlin] PHP Warning:  include(C:\_PHP\Workspace\server-farah.slothsoft.net/../../global/slothsoft.core.dbms.php): failed to open stream: No such file or directory in C:\_PHP\Workspace\server-farah.slothsoft.net\config.php on line 6
[19-Apr-2018 09:36:10 Europe/Berlin] PHP Warning:  include(): Failed opening 'C:\_PHP\Workspace\server-farah.slothsoft.net/../../global/slothsoft.core.dbms.php' for inclusion (include_path='.') in C:\_PHP\Workspace\server-farah.slothsoft.net\config.php on line 6
[19-Apr-2018 09:36:10 Europe/Berlin] PHP Warning:  include(C:\_PHP\Workspace\server-farah.slothsoft.net/../../global/slothsoft.farah.php): failed to open stream: No such file or directory in C:\_PHP\Workspace\server-farah.slothsoft.net\config.php on line 7
[19-Apr-2018 09:36:10 Europe/Berlin] PHP Warning:  include(): Failed opening 'C:\_PHP\Workspace\server-farah.slothsoft.net/../../global/slothsoft.farah.php' for inclusion (include_path='.') in C:\_PHP\Workspace\server-farah.slothsoft.net\config.php on line 7
[19-Apr-2018 09:37:32 Europe/Berlin] PHP Warning:  include(C:\_PHP\Workspace\server-farah.slothsoft.net/../../global/slothsoft.core.php): failed to open stream: No such file or directory in C:\_PHP\Workspace\server-farah.slothsoft.net\config.php on line 4
[19-Apr-2018 09:37:32 Europe/Berlin] PHP Warning:  include(): Failed opening 'C:\_PHP\Workspace\server-farah.slothsoft.net/../../global/slothsoft.core.php' for inclusion (include_path='.') in C:\_PHP\Workspace\server-farah.slothsoft.net\config.php on line 4
[19-Apr-2018 09:37:32 Europe/Berlin] PHP Warning:  include(C:\_PHP\Workspace\server-farah.slothsoft.net/../../global/slothsoft.core.xslt.php): failed to open stream: No such file or directory in C:\_PHP\Workspace\server-farah.slothsoft.net\config.php on line 5
[19-Apr-2018 09:37:32 Europe/Berlin] PHP Warning:  include(): Failed opening 'C:\_PHP\Workspace\server-farah.slothsoft.net/../../global/slothsoft.core.xslt.php' for inclusion (include_path='.') in C:\_PHP\Workspace\server-farah.slothsoft.net\config.php on line 5
[19-Apr-2018 09:37:32 Europe/Berlin] PHP Warning:  include(C:\_PHP\Workspace\server-farah.slothsoft.net/../../global/slothsoft.core.dbms.php): failed to open stream: No such file or directory in C:\_PHP\Workspace\server-farah.slothsoft.net\config.php on line 6
[19-Apr-2018 09:37:32 Europe/Berlin] PHP Warning:  include(): Failed opening 'C:\_PHP\Workspace\server-farah.slothsoft.net/../../global/slothsoft.core.dbms.php' for inclusion (include_path='.') in C:\_PHP\Workspace\server-farah.slothsoft.net\config.php on line 6
[19-Apr-2018 09:37:32 Europe/Berlin] PHP Warning:  include(C:\_PHP\Workspace\server-farah.slothsoft.net/../../global/slothsoft.farah.php): failed to open stream: No such file or directory in C:\_PHP\Workspace\server-farah.slothsoft.net\config.php on line 7
[19-Apr-2018 09:37:32 Europe/Berlin] PHP Warning:  include(): Failed opening 'C:\_PHP\Workspace\server-farah.slothsoft.net/../../global/slothsoft.farah.php' for inclusion (include_path='.') in C:\_PHP\Workspace\server-farah.slothsoft.net\config.php on line 7
[19-Apr-2018 09:39:12 Europe/Berlin] PHP Warning:  include(C:\_PHP\Workspace\server-farah.slothsoft.net/../../global/slothsoft.core.php): failed to open stream: No such file or directory in C:\_PHP\Workspace\server-farah.slothsoft.net\config.php on line 4
[19-Apr-2018 09:39:12 Europe/Berlin] PHP Warning:  include(): Failed opening 'C:\_PHP\Workspace\server-farah.slothsoft.net/../../global/slothsoft.core.php' for inclusion (include_path='.') in C:\_PHP\Workspace\server-farah.slothsoft.net\config.php on line 4
[19-Apr-2018 09:39:12 Europe/Berlin] PHP Warning:  include(C:\_PHP\Workspace\server-farah.slothsoft.net/../../global/slothsoft.core.xslt.php): failed to open stream: No such file or directory in C:\_PHP\Workspace\server-farah.slothsoft.net\config.php on line 5
[19-Apr-2018 09:39:12 Europe/Berlin] PHP Warning:  include(): Failed opening 'C:\_PHP\Workspace\server-farah.slothsoft.net/../../global/slothsoft.core.xslt.php' for inclusion (include_path='.') in C:\_PHP\Workspace\server-farah.slothsoft.net\config.php on line 5
[19-Apr-2018 09:39:12 Europe/Berlin] PHP Warning:  include(C:\_PHP\Workspace\server-farah.slothsoft.net/../../global/slothsoft.core.dbms.php): failed to open stream: No such file or directory in C:\_PHP\Workspace\server-farah.slothsoft.net\config.php on line 6
[19-Apr-2018 09:39:12 Europe/Berlin] PHP Warning:  include(): Failed opening 'C:\_PHP\Workspace\server-farah.slothsoft.net/../../global/slothsoft.core.dbms.php' for inclusion (include_path='.') in C:\_PHP\Workspace\server-farah.slothsoft.net\config.php on line 6
[19-Apr-2018 09:39:12 Europe/Berlin] PHP Warning:  include(C:\_PHP\Workspace\server-farah.slothsoft.net/../../global/slothsoft.farah.php): failed to open stream: No such file or directory in C:\_PHP\Workspace\server-farah.slothsoft.net\config.php on line 7
[19-Apr-2018 09:39:12 Europe/Berlin] PHP Warning:  include(): Failed opening 'C:\_PHP\Workspace\server-farah.slothsoft.net/../../global/slothsoft.farah.php' for inclusion (include_path='.') in C:\_PHP\Workspace\server-farah.slothsoft.net\config.php on line 7
[19-Apr-2018 09:45:32 Europe/Berlin] PHP Warning:  include(C:\_PHP\Workspace\server-farah.slothsoft.net/../../global/slothsoft.core.php): failed to open stream: No such file or directory in C:\_PHP\Workspace\server-farah.slothsoft.net\config.php on line 4
[19-Apr-2018 09:45:32 Europe/Berlin] PHP Warning:  include(): Failed opening 'C:\_PHP\Workspace\server-farah.slothsoft.net/../../global/slothsoft.core.php' for inclusion (include_path='.') in C:\_PHP\Workspace\server-farah.slothsoft.net\config.php on line 4
[19-Apr-2018 09:45:32 Europe/Berlin] PHP Warning:  include(C:\_PHP\Workspace\server-farah.slothsoft.net/../../global/slothsoft.core.xslt.php): failed to open stream: No such file or directory in C:\_PHP\Workspace\server-farah.slothsoft.net\config.php on line 5
[19-Apr-2018 09:45:32 Europe/Berlin] PHP Warning:  include(): Failed opening 'C:\_PHP\Workspace\server-farah.slothsoft.net/../../global/slothsoft.core.xslt.php' for inclusion (include_path='.') in C:\_PHP\Workspace\server-farah.slothsoft.net\config.php on line 5
[19-Apr-2018 09:45:32 Europe/Berlin] PHP Warning:  include(C:\_PHP\Workspace\server-farah.slothsoft.net/../../global/slothsoft.core.dbms.php): failed to open stream: No such file or directory in C:\_PHP\Workspace\server-farah.slothsoft.net\config.php on line 6
[19-Apr-2018 09:45:32 Europe/Berlin] PHP Warning:  include(): Failed opening 'C:\_PHP\Workspace\server-farah.slothsoft.net/../../global/slothsoft.core.dbms.php' for inclusion (include_path='.') in C:\_PHP\Workspace\server-farah.slothsoft.net\config.php on line 6
[19-Apr-2018 09:45:32 Europe/Berlin] PHP Warning:  include(C:\_PHP\Workspace\server-farah.slothsoft.net/../../global/slothsoft.farah.php): failed to open stream: No such file or directory in C:\_PHP\Workspace\server-farah.slothsoft.net\config.php on line 7
[19-Apr-2018 09:45:32 Europe/Berlin] PHP Warning:  include(): Failed opening 'C:\_PHP\Workspace\server-farah.slothsoft.net/../../global/slothsoft.farah.php' for inclusion (include_path='.') in C:\_PHP\Workspace\server-farah.slothsoft.net\config.php on line 7
